TN:
SF:src/Classes/PromptReader.ts
FN:4,(anonymous_0)
FNF:1
FNH:1
FNDA:1,(anonymous_0)
DA:1,1
DA:5,1
DA:9,1
LF:3
LH:3
BRF:0
BRH:0
end_of_record
TN:
SF:src/Classes/TemplateBuilder.ts
FN:6,(anonymous_0)
FN:8,(anonymous_1)
FN:12,(anonymous_2)
FN:16,(anonymous_3)
FN:20,(anonymous_4)
FN:24,(anonymous_5)
FN:26,(anonymous_6)
FNF:7
FNH:7
FNDA:5,(anonymous_0)
FNDA:3,(anonymous_1)
FNDA:1,(anonymous_2)
FNDA:1,(anonymous_3)
FNDA:1,(anonymous_4)
FNDA:1,(anonymous_5)
FNDA:1,(anonymous_6)
DA:2,1
DA:3,1
DA:6,5
DA:9,3
DA:13,1
DA:17,1
DA:21,1
DA:25,1
DA:26,1
DA:32,1
LF:10
LH:10
BRF:0
BRH:0
end_of_record
TN:
SF:src/Helpers/Common.Helpers.ts
FN:1,log
FN:5,getUserCurrentFolder
FN:9,generatePath
FN:11,(anonymous_3)
FN:16,projectNameValidator
FNF:5
FNH:5
FNDA:1,log
FNDA:1,getUserCurrentFolder
FNDA:7,generatePath
FNDA:17,(anonymous_3)
FNDA:2,projectNameValidator
DA:1,2
DA:2,1
DA:5,2
DA:6,1
DA:9,2
DA:10,7
DA:11,17
DA:16,2
DA:18,2
LF:9
LH:9
BRDA:11,0,0,17
BRDA:11,0,1,15
BRF:2
BRH:2
end_of_record
